<?xml version="1.0" encoding="UTF-8"?>
<!-- Generated by org.testng.reporters.JUnitReportReporter -->
<testsuite skipped="0" hostname="sys" name="demo.driver" tests="1" failures="0" timestamp="25 Jul 2018 19:07:00 GMT" time="38.187" errors="0">
  <testcase name="runner" time="38.187" classname="demo.driver"/>
</testsuite> <!-- demo.driver -->
