<?xml version="1.0" encoding="UTF-8"?>
<!-- Generated by org.testng.reporters.JUnitReportReporter -->
<testsuite skipped="0" hostname="sys" name="demo.TestDriver" tests="1" failures="0" timestamp="25 Jul 2018 18:59:10 GMT" time="24.374" errors="0">
  <testcase name="runner" time="24.374" classname="demo.TestDriver"/>
</testsuite> <!-- demo.TestDriver -->
